Unity Editor version:    2021.3.4f1 (cb45f9cae8b7)
Branch:                  2021.3/staging
Build type:              Release
Batch mode:              YES
macOS version:           Version 11.6.6 (Build 20G624)
Darwin version:          20.6.0
Architecture:            x86_64
Running under Rosetta:   NO
Available memory:        16384 MB
Using pre-set license
Pro License: YES

COMMAND LINE ARGUMENTS:
/Applications/Unity/Hub/Editor/2021.3.4f1/Unity.app/Contents/MacOS/Unity
-adb2
-batchMode
-noUpm
-name
AssetImportWorker0
-projectPath
/Users/kennethjacob/Downloads/GAM404_Brief_01_StartingPoint
-logFile
Logs/AssetImportWorker0.log
-srvPort
49676
Successfully changed project path to: /Users/kennethjacob/Downloads/GAM404_Brief_01_StartingPoint
/Users/kennethjacob/Downloads/GAM404_Brief_01_StartingPoint
[UnityMemory] Configuration Parameters - Can be set up in boot.config
    "memorysetup-bucket-allocator-granularity=16"
    "memorysetup-bucket-allocator-bucket-count=8"
    "memorysetup-bucket-allocator-block-size=33554432"
    "memorysetup-bucket-allocator-block-count=8"
    "memorysetup-main-allocator-block-size=16777216"
    "memorysetup-thread-allocator-block-size=16777216"
    "memorysetup-gfx-main-allocator-block-size=16777216"
    "memorysetup-gfx-thread-allocator-block-size=16777216"
    "memorysetup-cache-allocator-block-size=4194304"
    "memorysetup-typetree-allocator-block-size=2097152"
    "memorysetup-profiler-bucket-allocator-granularity=16"
    "memorysetup-profiler-bucket-allocator-bucket-count=8"
    "memorysetup-profiler-bucket-allocator-block-size=33554432"
    "memorysetup-profiler-bucket-allocator-block-count=8"
    "memorysetup-profiler-allocator-block-size=16777216"
    "memorysetup-profiler-editor-allocator-block-size=1048576"
    "memorysetup-temp-allocator-size-main=16777216"
    "memorysetup-job-temp-allocator-block-size=2097152"
    "memorysetup-job-temp-allocator-block-size-background=1048576"
    "memorysetup-job-temp-allocator-reduction-small-platforms=262144"
    "memorysetup-temp-allocator-size-background-worker=32768"
    "memorysetup-temp-allocator-size-job-worker=262144"
    "memorysetup-temp-allocator-size-preload-manager=33554432"
    "memorysetup-temp-allocator-size-nav-mesh-worker=65536"
    "memorysetup-temp-allocator-size-audio-worker=65536"
    "memorysetup-temp-allocator-size-cloud-worker=32768"
    "memorysetup-temp-allocator-size-gi-baking-worker=262144"
    "memorysetup-temp-allocator-size-gfx=262144"
Refreshing native plugins compatible for Editor in 81.48 ms, found 2 plugins.
Preloading 0 native plugins for Editor in 0.00 ms.
Initialize engine version: 2021.3.4f1 (cb45f9cae8b7)
[Subsystems] Discovering subsystems at path /Applications/Unity/Hub/Editor/2021.3.4f1/Unity.app/Contents/Resources/UnitySubsystems
[Subsystems] Discovering subsystems at path /Users/kennethjacob/Downloads/GAM404_Brief_01_StartingPoint/Assets
GfxDevice: creating device client; threaded=0; jobified=0
Color LCD preferred device: Intel Iris Pro Graphics (low power)
Metal devices available: 1
0: Intel Iris Pro Graphics (low power)
Using device Intel Iris Pro Graphics (low power)
Initializing Metal device caps: Intel Iris Pro Graphics
Initialize mono
Mono path[0] = '/Applications/Unity/Hub/Editor/2021.3.4f1/Unity.app/Contents/Managed'
Mono path[1] = '/Applications/Unity/Hub/Editor/2021.3.4f1/Unity.app/Contents/MonoBleedingEdge/lib/mono/unityjit-macos'
Mono config path = '/Applications/Unity/Hub/Editor/2021.3.4f1/Unity.app/Contents/MonoBleedingEdge/etc'
Using monoOptions --debugger-agent=transport=dt_socket,embedding=1,server=y,suspend=n,address=127.0.0.1:56562
Begin MonoManager ReloadAssembly
Registering precompiled unity dll's ...
Register platform support module: /Applications/Unity/Hub/Editor/2021.3.4f1/PlaybackEngines/WebGLSupport/UnityEditor.WebGL.Extensions.dll
Register platform support module: /Applications/Unity/Hub/Editor/2021.3.4f1/Unity.app/Contents/PlaybackEngines/MacStandaloneSupport/UnityEditor.OSXStandalone.Extensions.dll
Registered in 0.003102 seconds.
Native extension for OSXStandalone target not found
Native extension for WebGL target not found
Refreshing native plugins compatible for Editor in 59.91 ms, found 2 plugins.
Preloading 0 native plugins for Editor in 0.00 ms.
Mono: successfully reloaded assembly
- Completed reload, in  1.040 seconds
Domain Reload Profiling:
	ReloadAssembly (1040ms)
		BeginReloadAssembly (164ms)
			ExecutionOrderSort (0ms)
			DisableScriptedObjects (0ms)
			BackupInstance (0ms)
			ReleaseScriptingObjects (0ms)
			CreateAndSetChildDomain (1ms)
		EndReloadAssembly (698ms)
			LoadAssemblies (165ms)
			RebuildTransferFunctionScriptingTraits (0ms)
			SetupTypeCache (196ms)
			ReleaseScriptCaches (0ms)
			RebuildScriptCaches (47ms)
			SetupLoadedEditorAssemblies (379ms)
				LogAssemblyErrors (0ms)
				InitializePlatformSupportModulesInManaged (10ms)
				SetLoadedEditorAssemblies (1ms)
				RefreshPlugins (60ms)
				BeforeProcessingInitializeOnLoad (2ms)
				ProcessInitializeOnLoadAttributes (237ms)
				ProcessInitializeOnLoadMethodAttributes (70ms)
				AfterProcessingInitializeOnLoad (0ms)
				EditorAssembliesLoaded (0ms)
			ExecutionOrderSort2 (0ms)
			AwakeInstancesAfterBackupRestoration (0ms)
Platform modules already initialized, skipping
Registering precompiled user dll's ...
Registered in 0.008721 seconds.
Begin MonoManager ReloadAssembly
Native extension for OSXStandalone target not found
Native extension for WebGL target not found
Refreshing native plugins compatible for Editor in 0.91 ms, found 2 plugins.
Preloading 0 native plugins for Editor in 0.00 ms.
Package Manager log level set to [2]
Mono: successfully reloaded assembly
- Completed reload, in  1.947 seconds
Domain Reload Profiling:
	ReloadAssembly (1948ms)
		BeginReloadAssembly (154ms)
			ExecutionOrderSort (0ms)
			DisableScriptedObjects (9ms)
			BackupInstance (0ms)
			ReleaseScriptingObjects (0ms)
			CreateAndSetChildDomain (47ms)
		EndReloadAssembly (1609ms)
			LoadAssemblies (165ms)
			RebuildTransferFunctionScriptingTraits (0ms)
			SetupTypeCache (368ms)
			ReleaseScriptCaches (1ms)
			RebuildScriptCaches (86ms)
			SetupLoadedEditorAssemblies (921ms)
				LogAssemblyErrors (0ms)
				InitializePlatformSupportModulesInManaged (7ms)
				SetLoadedEditorAssemblies (1ms)
				RefreshPlugins (1ms)
				BeforeProcessingInitializeOnLoad (92ms)
				ProcessInitializeOnLoadAttributes (628ms)
				ProcessInitializeOnLoadMethodAttributes (190ms)
				AfterProcessingInitializeOnLoad (2ms)
				EditorAssembliesLoaded (0ms)
			ExecutionOrderSort2 (0ms)
			AwakeInstancesAfterBackupRestoration (5ms)
Platform modules already initialized, skipping
========================================================================
Worker process is ready to serve import requests
Launching external process: /Applications/Unity/Hub/Editor/2021.3.4f1/Unity.app/Contents/Tools/UnityShaderCompiler
Launched and connected shader compiler UnityShaderCompiler after 0.05 seconds
Refreshing native plugins compatible for Editor in 0.90 ms, found 2 plugins.
Preloading 0 native plugins for Editor in 0.00 ms.
Unloading 2866 Unused Serialized files (Serialized files now loaded: 0)
Unloading 142 unused Assets / (1.3 MB). Loaded Objects now: 3281.
Memory consumption went from 220.7 MB to 219.4 MB.
Total: 10.675894 ms (FindLiveObjects: 0.344425 ms CreateObjectMapping: 0.216822 ms MarkObjects: 9.505207 ms  DeleteObjects: 0.607242 ms)

AssetImportParameters requested are different than current active one (requested -> active):
  custom:video-decoder-ogg-theora: a1e56fd34408186e4bbccfd4996cb3dc -> 
  custom:container-muxer-webm: aa71ff27fc2769a1b78a27578f13a17b -> 
  custom:container-demuxer-webm: 4f35f7cbe854078d1ac9338744f61a02 -> 
  custom:video-encoder-webm-vp8: eb34c28f22e8b96e1ab97ce403110664 -> 
  custom:framework-osx-AVFoundation: e770b220cccbd017edd2c1fefb359320 -> 
  custom:audio-encoder-webm-vorbis: bf7c407c2cedff20999df2af8eb42d56 -> 
  custom:container-demuxer-ogg: 62fdf1f143b41e24485cea50d1cbac27 -> 
  custom:video-decoder-webm-vp8: 9c59270c3fd7afecdb556c50c9e8de78 -> 
  custom:audio-decoder-ogg-vorbis: bf7c407c2cedff20999df2af8eb42d56 -> 
========================================================================
Received Import Request.
  Time since last request: 849.572760 seconds.
  path: Assets/Models/Mixamo/Remy_BBoy.fbx
  artifactKey: Guid(9e64b8f868fc2d54da33c7f238f8b894) Importer(815301076,1909f56bfc062723c751e8b465ee728b)
Start importing Assets/Models/Mixamo/Remy_BBoy.fbx using Guid(9e64b8f868fc2d54da33c7f238f8b894) Importer(815301076,1909f56bfc062723c751e8b465ee728b)  -> (artifact id: '4f908d46be727ffec0bfbd8db05ec3ed') in 3.692364 seconds 
========================================================================
Received Import Request.
  Time since last request: 0.000280 seconds.
  path: Assets/Models/Mixamo/Regina_Defeated.fbx
  artifactKey: Guid(768764416668c9648aa728af889da137) Importer(815301076,1909f56bfc062723c751e8b465ee728b)
Start importing Assets/Models/Mixamo/Regina_Defeated.fbx using Guid(768764416668c9648aa728af889da137) Importer(815301076,1909f56bfc062723c751e8b465ee728b)  -> (artifact id: '7a9c5a29c5ce548959ae379baf9a432c') in 0.252747 seconds 
========================================================================
Received Import Request.
  Time since last request: 0.000118 seconds.
  path: Assets/Models/Mixamo/Malcolm_Cheering.fbx
  artifactKey: Guid(19146d23f46d937449d721776519417a) Importer(815301076,1909f56bfc062723c751e8b465ee728b)
Start importing Assets/Models/Mixamo/Malcolm_Cheering.fbx using Guid(19146d23f46d937449d721776519417a) Importer(815301076,1909f56bfc062723c751e8b465ee728b)  -> (artifact id: '7cf191969fcef2942ee1a49d095d2dc4') in 0.299356 seconds 
========================================================================
Received Import Request.
  Time since last request: 8.417364 seconds.
  path: Assets/Models/Mixamo/Materials/Malcolm/Bodymat.mat
  artifactKey: Guid(8113f2f99632ee445afa7b00e32a9417) Importer(815301076,1909f56bfc062723c751e8b465ee728b)
Start importing Assets/Models/Mixamo/Materials/Malcolm/Bodymat.mat using Guid(8113f2f99632ee445afa7b00e32a9417) Importer(815301076,1909f56bfc062723c751e8b465ee728b)  -> (artifact id: '55c59677c50cf06f2018b8e5ccd4caf9') in 0.405401 seconds 
========================================================================
Received Import Request.
  Time since last request: 0.000089 seconds.
  path: Assets/Models/Mixamo/Materials/Malcolm/Shoesmat.mat
  artifactKey: Guid(fe32dbc24a53f884b809969c0e68a8b7) Importer(815301076,1909f56bfc062723c751e8b465ee728b)
Start importing Assets/Models/Mixamo/Materials/Malcolm/Shoesmat.mat using Guid(fe32dbc24a53f884b809969c0e68a8b7) Importer(815301076,1909f56bfc062723c751e8b465ee728b)  -> (artifact id: 'e3fe58da40c88a662055e1d9427f34f8') in 0.020033 seconds 
========================================================================
Received Import Request.
  Time since last request: 0.000097 seconds.
  path: Assets/Models/Mixamo/Materials/Malcolm/Topmat.mat
  artifactKey: Guid(f20577cc743620642a135890cd4099a6) Importer(815301076,1909f56bfc062723c751e8b465ee728b)
Start importing Assets/Models/Mixamo/Materials/Malcolm/Topmat.mat using Guid(f20577cc743620642a135890cd4099a6) Importer(815301076,1909f56bfc062723c751e8b465ee728b)  -> (artifact id: 'f21343fd67224e95b2654293debdf5a7') in 0.025361 seconds 
========================================================================
Received Import Request.
  Time since last request: 0.000107 seconds.
  path: Assets/Models/Mixamo/Materials/Malcolm/Hatmat.mat
  artifactKey: Guid(500e4f0096954b348b70a9a6202e3660) Importer(815301076,1909f56bfc062723c751e8b465ee728b)
Start importing Assets/Models/Mixamo/Materials/Malcolm/Hatmat.mat using Guid(500e4f0096954b348b70a9a6202e3660) Importer(815301076,1909f56bfc062723c751e8b465ee728b)  -> (artifact id: 'cef66e2b233d259df77793437fc75fbf') in 0.054704 seconds 
========================================================================
Received Import Request.
  Time since last request: 0.000086 seconds.
  path: Assets/Models/Mixamo/Materials/Malcolm/Hairmat.mat
  artifactKey: Guid(a78d37c91fc52bc4fa7f57d27b9629f0) Importer(815301076,1909f56bfc062723c751e8b465ee728b)
Start importing Assets/Models/Mixamo/Materials/Malcolm/Hairmat.mat using Guid(a78d37c91fc52bc4fa7f57d27b9629f0) Importer(815301076,1909f56bfc062723c751e8b465ee728b)  -> (artifact id: 'e9e6b22f361c0c268c1e160f9800ae1e') in 0.016941 seconds 
