
=== Thu Jun 11 10:09:26 2020

Packages were changed.
Update Mode: updateDependencies

The following packages were updated:
  com.unity.ads from version 2.0.8 to 3.4.5
  com.unity.analytics from version 3.3.2 to 3.3.5
  com.unity.ide.rider from version 1.1.0 to 1.1.4
  com.unity.ide.vscode from version 1.1.3 to 1.2.0
  com.unity.multiplayer-hlapi from version 1.0.2 to 1.0.4
  com.unity.postprocessing from version 2.1.6 to 2.2.2
  com.unity.test-framework from version 1.0.13 to 1.1.14
  com.unity.timeline from version 1.1.0 to 1.2.6
  com.unity.xr.legacyinputhelpers from version 2.0.2 to 2.1.3
The following packages were removed:
  com.unity.package-manager-ui@2.2.0

=== Wed Jun  8 18:24:45 2022

Packages were changed.
Update Mode: updateDependencies

The following packages were added:
  com.unity.ide.visualstudio@2.0.15
The following packages were updated:
  com.unity.ads from version 3.4.5 to 3.7.5
  com.unity.analytics from version 3.3.5 to 3.6.12
  com.unity.collab-proxy from version 1.2.16 to 1.15.17
  com.unity.ext.nunit from version 1.0.0 to 1.0.6
  com.unity.ide.rider from version 1.1.4 to 3.0.14
  com.unity.ide.vscode from version 1.2.0 to 1.2.5
  com.unity.postprocessing from version 2.2.2 to 3.2.2
  com.unity.probuilder from version 4.2.3 to 5.0.3
  com.unity.purchasing from version 2.0.6 to 4.1.4
  com.unity.test-framework from version 1.1.14 to 1.1.31
  com.unity.textmeshpro from version 2.0.1 to 3.0.6
  com.unity.timeline from version 1.2.6 to 1.6.4
  com.unity.xr.legacyinputhelpers from version 2.1.3 to 2.1.9
The following packages were removed:
  com.unity.multiplayer-hlapi@1.0.4
